<!--
 // Platform: Academy
// URL: https://academy.hackthebox.com/module/85/section/877
// Platform Version: V1
// Module ID: 85
// Module Name: Intro to Assembly Language
// Module Difficulty: Medium
// Section ID: 877
// Section Title: Debugging with GDB
// Page Title: Hack The Box - Academy
// Page Number: 09
-->

# Debugging with GDB

**Module Name:** Intro to Assembly Language **Page Number:** 09

#### 

#### INTRO TO ASSEMBLY LANGUAGE

# Debugging with GDB

## Break

``` shell-session
gef➤  b _start

Breakpoint 1 at 0x401000
```

```undefined
gef➤  b _start
Breakpoint 1 at 0x401000
gef➤  r
Starting program: ./helloWorld 

Breakpoint 1, 0x0000000000401000 in _start ()
[ Legend: Modified register | Code | Heap | Stack | String ]
───────────────────────────────────────────────────────────────────────────────────── registers ────
$rax   : 0x0               
$rbx   : 0x0               
$rcx   : 0x0               
$rdx   : 0x0               
$rsp   : 0x00007fffffffe310  →  0x0000000000000001
$rbp   : 0x0               
$rsi   : 0x0               
$rdi   : 0x0               
$rip   : 0x0000000000401000  →  <_start+0> mov eax, 0x1
...SNIP...
───────────────────────────────────────────────────────────────────────────────────────── stack ────
0x00007fffffffe310│+0x0000: 0x0000000000000001	 ← $rsp
0x00007fffffffe318│+0x0008: 0x00007fffffffe5a0  →  "./helloWorld"
...SNIP...
─────────────────────────────────────────────────────────────────────────────────── code:x86:64 ────
     0x400ffa                  add    BYTE PTR [rax], al
     0x400ffc                  add    BYTE PTR [rax], al
     0x400ffe                  add    BYTE PTR [rax], al
 →   0x401000 <_start+0>       mov    eax, 0x1
     0x401005 <_start+5>       mov    edi, 0x1
     0x40100a <_start+10>      movabs rsi, 0x402000
     0x401014 <_start+20>      mov    edx, 0x12
     0x401019 <_start+25>      syscall 
     0x40101b <_start+27>      mov    eax, 0x3c
─────────────────────────────────────────────────────────────────────────────────────── threads ────
[#0] Id 1, Name: "helloWorld", stopped 0x401000 in _start (), reason: BREAKPOINT
───────────────────────────────────────────────────────────────────────────────────────── trace ────
[#0] 0x401000 → _start()
────────────────────────────────────────────────────────────────────────────────────────────────────
```

``` shell-session
gef➤  b *0x40100a
Breakpoint 1 at 0x40100a
```

## Examine

#### Instructions

``` shell-session
gef➤  x/4ig $rip

=> 0x401000 <_start>:	mov    eax,0x1
   0x401005 <_start+5>:	mov    edi,0x1
   0x40100a <_start+10>:	movabs rsi,0x402000
   0x401014 <_start+20>:	mov    edx,0x12
```

#### Strings

``` shell-session
gef➤  x/s 0x402000

0x402000:	"Hello HTB Academy!"
```

#### Addresses

``` shell-session
gef➤  x/wx 0x401000

0x401000 <_start>:	0x000001b8
```

```undefined
gef➤  registers
$rax   : 0x0               
$rbx   : 0x0               
$rcx   : 0x0               
$rdx   : 0x0               
$rsp   : 0x00007fffffffe310  →  0x0000000000000001
$rbp   : 0x0               
$rsi   : 0x0               
$rdi   : 0x0               
$rip   : 0x0000000000401000  →  <_start+0> mov eax, 0x1
...SNIP...
```

## Step

```undefined
─────────────────────────────────────────────────────────────────────────────────── code:x86:64 ────
     0x400ffe                  add    BYTE PTR [rax], al
 →   0x401000 <_start+0>       mov    eax, 0x1
     0x401005 <_start+5>       mov    edi, 0x1
```

#### Step Instruction

```undefined
─────────────────────────────────────────────────────────────────────────────────── code:x86:64 ────
gef➤  si
0x0000000000401005 in _start ()
   0x400fff                  add    BYTE PTR [rax+0x1], bh
 →   0x401005 <_start+5>       mov    edi, 0x1
     0x40100a <_start+10>      movabs rsi, 0x402000
     0x401014 <_start+20>      mov    edx, 0x12
     0x401019 <_start+25>      syscall 
─────────────────────────────────────────────────────────────────────────────────────── threads ────
     [#0] Id 1, Name: "helloWorld", stopped 0x401005 in _start (), reason: SINGLE STEP
```

#### Step Count

```undefined
gef➤  si 3
0x0000000000401019 in _start ()
─────────────────────────────────────────────────────────────────────────────────── code:x86:64 ────
     0x401004 <_start+4>       add    BYTE PTR [rdi+0x1], bh
     0x40100a <_start+10>      movabs rsi, 0x402000
     0x401014 <_start+20>      mov    edx, 0x12
 →   0x401019 <_start+25>      syscall 
     0x40101b <_start+27>      mov    eax, 0x3c
     0x401020 <_start+32>      mov    edi, 0x0
     0x401025 <_start+37>      syscall 
─────────────────────────────────────────────────────────────────────────────────────── threads ────
[#0] Id 1, Name: "helloWorld", stopped 0x401019 in _start (), reason: SINGLE STEP
```

#### Step

``` shell-session
gef➤  step

Single stepping until exit from function _start,
which has no line number information.
Hello HTB Academy!
[Inferior 1 (process 14732) exited normally]
```

## Modify

#### Addresses

``` shell-session
gef➤  help patch

Write specified values to the specified address.
Syntax: patch (qword|dword|word|byte) LOCATION VALUES
patch string LOCATION "double-escaped string"
...SNIP...
```

``` shell-session
gef➤  break *0x401019

Breakpoint 1 at 0x401019
gef➤  r
gef➤  patch string 0x402000 "Patched!\\x0a"
gef➤  c

Continuing.
Patched!
 Academy!
```

#### Registers

``` shell-session
gef➤  break *0x401019

Breakpoint 1 at 0x401019
gef➤  r
gef➤  patch string 0x402000 "Patched!\\x0a"
gef➤  set $rdx=0x9
gef➤  c

Continuing.
Patched!
```

## Conclusion

# 

# 

#### Questions

####